<?xml version="1.0" encoding="UTF-8"?>
<testng-results ignored="0" total="1" passed="1" failed="0" skipped="0">
  <reporter-output>
  </reporter-output>
  <suite started-at="2025-11-14T16:39:42 IST" name="Suite" finished-at="2025-11-14T16:39:42 IST" duration-ms="50">
    <groups>
    </groups>
    <test started-at="2025-11-14T16:39:42 IST" name="Test" finished-at="2025-11-14T16:39:42 IST" duration-ms="50">
      <class name="pack.Logintest">
        <test-method signature="f()[pri:0, instance:pack.Logintest@76329302]" started-at="2025-11-14T16:39:42 IST" name="f" finished-at="2025-11-14T16:39:42 IST" duration-ms="7" status="PASS">
          <reporter-output>
          </reporter-output>
        </test-method> <!-- f -->
      </class> <!-- pack.Logintest -->
    </test> <!-- Test -->
  </suite> <!-- Suite -->
</testng-results>
